info it worked if it ends with ok
verbose cli [ 'node', '/usr/local/bin/npm', '-f', 'publish' ]
info using npm@1.1.0-alpha-2
info using node@v0.6.3
verbose config file /Users/federicospini/.npmrc
verbose config file /usr/local/etc/npmrc
verbose config file /usr/local/lib/node_modules/npm/npmrc
verbose publish [ '.' ]
verbose cache add [ '.', null ]
silly cache add: name, spec, args [ undefined, '.', [ '.', null ] ]
verbose parsed url { pathname: '.', path: '.', href: '.' }
ERR! Could not install: .
ERR! Error: ENOENT, no such file or directory 'package.json'
ERR! Report this *entire* log at:
ERR!     <http://github.com/isaacs/npm/issues>
ERR! or email it to:
ERR!     <npm-@googlegroups.com>
ERR! 
ERR! System Darwin 11.3.0
ERR! command "node" "/usr/local/bin/npm" "-f" "publish"
ERR! cwd /Users/federicospini/Dropbox/workspace/formify/lib
ERR! node -v v0.6.3
ERR! npm -v 1.1.0-alpha-2
ERR! path package.json
ERR! code ENOENT
ERR! message ENOENT, no such file or directory 'package.json'
verbose exit [ 1, true ]
